0 info it worked if it ends with ok
1 verbose cli [ 'node',
1 verbose cli   '/usr/local/bin/npm',
1 verbose cli   'install',
1 verbose cli   '--save',
1 verbose cli   'npm',
1 verbose cli   'inpassport' ]
2 info using npm@2.0.2
3 info using node@v0.10.28
4 verbose readDependencies using package.json deps
5 verbose cache add [ 'npm', null ]
6 verbose cache add spec="npm" args=["npm",null]
7 verbose parsed spec { raw: 'npm',
7 verbose parsed spec   scope: null,
7 verbose parsed spec   name: 'npm',
7 verbose parsed spec   rawSpec: '',
7 verbose parsed spec   spec: '*',
7 verbose parsed spec   type: 'range' }
8 verbose cache add [ 'inpassport', null ]
9 verbose cache add spec="inpassport" args=["inpassport",null]
10 verbose parsed spec { raw: 'inpassport',
10 verbose parsed spec   scope: null,
10 verbose parsed spec   name: 'inpassport',
10 verbose parsed spec   rawSpec: '',
10 verbose parsed spec   spec: '*',
10 verbose parsed spec   type: 'range' }
11 verbose parsed spec { raw: 'npm',
11 verbose parsed spec   scope: null,
11 verbose parsed spec   name: 'npm',
11 verbose parsed spec   rawSpec: '',
11 verbose parsed spec   spec: '*',
11 verbose parsed spec   type: 'range' }
12 verbose addNamed [ 'npm', '*' ]
13 verbose addNamed [ null, '*' ]
14 verbose parsed spec { raw: 'inpassport',
14 verbose parsed spec   scope: null,
14 verbose parsed spec   name: 'inpassport',
14 verbose parsed spec   rawSpec: '',
14 verbose parsed spec   spec: '*',
14 verbose parsed spec   type: 'range' }
15 verbose addNamed [ 'inpassport', '*' ]
16 verbose addNamed [ null, '*' ]
17 silly lockFile 1bad3a65-npm npm@*
18 verbose lock npm@* /Users/michaelthuy/.npm/1bad3a65-npm.lock
19 silly lockFile a540ec71-inpassport inpassport@*
20 verbose lock inpassport@* /Users/michaelthuy/.npm/a540ec71-inpassport.lock
21 silly addNameRange { name: 'npm', range: '*', hasData: false }
22 verbose mapToRegistry name npm
23 verbose mapToRegistry uri https://registry.npmjs.org/npm
24 silly addNameRange { name: 'inpassport', range: '*', hasData: false }
25 verbose mapToRegistry name inpassport
26 verbose mapToRegistry uri https://registry.npmjs.org/inpassport
27 verbose request on initialization, where is /inpassport
28 verbose request after pass 1, where is /inpassport
29 verbose request url raw /inpassport
30 verbose request resolving registry [ 'https://registry.npmjs.org/', './inpassport' ]
31 verbose request after pass 2, where is https://registry.npmjs.org/inpassport
32 verbose request no auth needed
33 info attempt registry request try #1 at 17:34:30
34 verbose request id a0be589f04f1344b
35 http request GET https://registry.npmjs.org/inpassport
36 verbose request on initialization, where is /npm
37 verbose request after pass 1, where is /npm
38 verbose request url raw /npm
39 verbose request resolving registry [ 'https://registry.npmjs.org/', './npm' ]
40 verbose request after pass 2, where is https://registry.npmjs.org/npm
41 verbose request no auth needed
42 info attempt registry request try #1 at 17:34:30
43 verbose etag "7P0HDEHN5X1R4EQNZ5M6NMJOK"
44 http request GET https://registry.npmjs.org/npm
45 http 404 https://registry.npmjs.org/inpassport
46 verbose headers { date: 'Wed, 18 Mar 2015 16:34:31 GMT',
46 verbose headers   server: 'CouchDB/1.5.0 (Erlang OTP/R16B03)',
46 verbose headers   'content-type': 'application/json',
46 verbose headers   'cache-control': 'max-age=0',
46 verbose headers   'content-length': '51',
46 verbose headers   'accept-ranges': 'bytes',
46 verbose headers   via: '1.1 varnish',
46 verbose headers   age: '0',
46 verbose headers   'x-served-by': 'cache-lcy1131-LCY',
46 verbose headers   'x-cache': 'MISS',
46 verbose headers   'x-cache-hits': '0',
46 verbose headers   'x-timer': 'S1426696471.256280,VS0,VE157',
46 verbose headers   'keep-alive': 'timeout=10, max=50',
46 verbose headers   connection: 'Keep-Alive' }
47 silly registry.get cb [ 404,
47 silly registry.get   { date: 'Wed, 18 Mar 2015 16:34:31 GMT',
47 silly registry.get     server: 'CouchDB/1.5.0 (Erlang OTP/R16B03)',
47 silly registry.get     'content-type': 'application/json',
47 silly registry.get     'cache-control': 'max-age=0',
47 silly registry.get     'content-length': '51',
47 silly registry.get     'accept-ranges': 'bytes',
47 silly registry.get     via: '1.1 varnish',
47 silly registry.get     age: '0',
47 silly registry.get     'x-served-by': 'cache-lcy1131-LCY',
47 silly registry.get     'x-cache': 'MISS',
47 silly registry.get     'x-cache-hits': '0',
47 silly registry.get     'x-timer': 'S1426696471.256280,VS0,VE157',
47 silly registry.get     'keep-alive': 'timeout=10, max=50',
47 silly registry.get     connection: 'Keep-Alive' } ]
48 silly lockFile a540ec71-inpassport inpassport@*
49 silly lockFile a540ec71-inpassport inpassport@*
50 http 200 https://registry.npmjs.org/npm
51 silly registry.get cb [ 200,
51 silly registry.get   { date: 'Wed, 18 Mar 2015 16:34:31 GMT',
51 silly registry.get     server: 'CouchDB/1.5.0 (Erlang OTP/R16B03)',
51 silly registry.get     etag: '"1W2ZXJY7Z53VBOG0NUDXPKJP6"',
51 silly registry.get     'content-type': 'application/json',
51 silly registry.get     'cache-control': 'max-age=60',
51 silly registry.get     'content-length': '2107650',
51 silly registry.get     'accept-ranges': 'bytes',
51 silly registry.get     via: '1.1 varnish',
51 silly registry.get     age: '0',
51 silly registry.get     'x-served-by': 'cache-lcy1133-LCY',
51 silly registry.get     'x-cache': 'HIT',
51 silly registry.get     'x-cache-hits': '1',
51 silly registry.get     'x-timer': 'S1426696471.264789,VS0,VE102',
51 silly registry.get     vary: 'Accept',
51 silly registry.get     'keep-alive': 'timeout=10, max=50',
51 silly registry.get     connection: 'Keep-Alive' } ]
52 silly addNameRange number 2 { name: 'npm', range: '*', hasData: true }
53 silly addNameRange versions [ 'npm',
53 silly addNameRange   [ '1.1.25',
53 silly addNameRange     '1.2.32',
53 silly addNameRange     '1.3.2',
53 silly addNameRange     '1.3.4',
53 silly addNameRange     '1.2.20',
53 silly addNameRange     '1.2.21',
53 silly addNameRange     '1.2.22',
53 silly addNameRange     '1.2.23',
53 silly addNameRange     '1.2.24',
53 silly addNameRange     '1.2.25',
53 silly addNameRange     '1.2.27',
53 silly addNameRange     '1.2.28',
53 silly addNameRange     '1.2.30',
53 silly addNameRange     '1.2.31',
53 silly addNameRange     '1.3.0',
53 silly addNameRange     '1.3.1',
53 silly addNameRange     '1.2.19',
53 silly addNameRange     '1.1.70',
53 silly addNameRange     '1.1.71',
53 silly addNameRange     '1.3.5',
53 silly addNameRange     '1.3.6',
53 silly addNameRange     '1.3.7',
53 silly addNameRange     '1.3.8',
53 silly addNameRange     '1.3.9',
53 silly addNameRange     '1.3.10',
53 silly addNameRange     '1.3.11',
53 silly addNameRange     '1.3.12',
53 silly addNameRange     '1.3.13',
53 silly addNameRange     '1.3.14',
53 silly addNameRange     '1.3.15',
53 silly addNameRange     '1.3.16',
53 silly addNameRange     '1.3.17',
53 silly addNameRange     '1.3.18',
53 silly addNameRange     '1.3.20',
53 silly addNameRange     '1.3.21',
53 silly addNameRange     '1.3.22',
53 silly addNameRange     '1.3.23',
53 silly addNameRange     '1.3.24',
53 silly addNameRange     '1.3.25',
53 silly addNameRange     '1.3.26',
53 silly addNameRange     '1.4.0',
53 silly addNameRange     '1.4.1',
53 silly addNameRange     '1.4.2',
53 silly addNameRange     '1.4.3',
53 silly addNameRange     '1.4.4',
53 silly addNameRange     '1.4.5',
53 silly addNameRange     '1.4.6',
53 silly addNameRange     '1.4.7',
53 silly addNameRange     '1.4.8',
53 silly addNameRange     '1.4.9',
53 silly addNameRange     '1.4.10',
53 silly addNameRange     '1.4.11',
53 silly addNameRange     '1.4.12',
53 silly addNameRange     '1.4.13',
53 silly addNameRange     '1.4.14',
53 silly addNameRange     '1.4.15',
53 silly addNameRange     '1.4.16',
53 silly addNameRange     '1.2.8000',
53 silly addNameRange     '1.4.17',
53 silly addNameRange     '1.4.18',
53 silly addNameRange     '1.4.19',
53 silly addNameRange     '1.5.0-alpha-0',
53 silly addNameRange     '1.5.0-alpha-1',
53 silly addNameRange     '1.4.20',
53 silly addNameRange     '1.5.0-alpha-2',
53 silly addNameRange     '1.4.21',
53 silly addNameRange     '1.5.0-alpha-3',
53 silly addNameRange     '1.5.0-alpha-4',
53 silly addNameRange     '2.0.0-alpha-5',
53 silly addNameRange     '1.4.22',
53 silly addNameRange     '1.4.23',
53 silly addNameRange     '2.0.0-alpha.6.0',
53 silly addNameRange     '1.4.24',
53 silly addNameRange     '2.0.0-alpha.6',
53 silly addNameRange     '2.0.0-alpha.7',
53 silly addNameRange     '2.0.0-beta.0',
53 silly addNameRange     '1.4.25',
53 silly addNameRange     '2.0.0-beta.1',
53 silly addNameRange     '1.4.26',
53 silly addNameRange     '2.0.0-beta.2',
53 silly addNameRange     '1.4.27',
53 silly addNameRange     '2.0.0-beta.3',
53 silly addNameRange     '1.4.28',
53 silly addNameRange     '2.0.0',
53 silly addNameRange     '2.0.1',
53 silly addNameRange     '2.0.2',
53 silly addNameRange     '2.1.0',
53 silly addNameRange     '2.1.1',
53 silly addNameRange     '2.1.2',
53 silly addNameRange     '2.1.3',
53 silly addNameRange     '2.1.4',
53 silly addNameRange     '2.1.5',
53 silly addNameRange     '2.1.6',
53 silly addNameRange     '2.1.7',
53 silly addNameRange     '2.1.8',
53 silly addNameRange     '2.1.9',
53 silly addNameRange     '2.1.10',
53 silly addNameRange     '2.1.11',
53 silly addNameRange     '2.1.12',
53 silly addNameRange     '2.1.13',
53 silly addNameRange     '2.1.14',
53 silly addNameRange     '2.1.15',
53 silly addNameRange     '2.1.16',
53 silly addNameRange     '2.1.17',
53 silly addNameRange     '2.1.18',
53 silly addNameRange     '2.2.0',
53 silly addNameRange     '2.3.0',
53 silly addNameRange     '2.4.0',
53 silly addNameRange     '2.4.1',
53 silly addNameRange     '2.5.0',
53 silly addNameRange     '2.5.1',
53 silly addNameRange     '2.6.0',
53 silly addNameRange     '2.6.1',
53 silly addNameRange     '2.7.0',
53 silly addNameRange     '2.7.1',
53 silly addNameRange     '2.7.2',
53 silly addNameRange     '2.7.3' ] ]
54 verbose addNamed [ 'npm', '2.7.1' ]
55 verbose addNamed [ '2.7.1', '2.7.1' ]
56 silly lockFile 2f0db8a2-npm-2-7-1 npm@2.7.1
57 verbose lock npm@2.7.1 /Users/michaelthuy/.npm/2f0db8a2-npm-2-7-1.lock
58 silly lockFile c749286e-stry-npmjs-org-npm-npm-2-7-1-tgz https://registry.npmjs.org/npm/-/npm-2.7.1.tgz
59 verbose lock https://registry.npmjs.org/npm/-/npm-2.7.1.tgz /Users/michaelthuy/.npm/c749286e-stry-npmjs-org-npm-npm-2-7-1-tgz.lock
60 verbose addRemoteTarball [ 'https://registry.npmjs.org/npm/-/npm-2.7.1.tgz',
60 verbose addRemoteTarball   '3ad5675f671353eabfeeb4ca6287bcfba9da49ef' ]
61 info retry fetch attempt 1 at 17:34:36
62 info attempt registry request try #1 at 17:34:36
63 http fetch GET https://registry.npmjs.org/npm/-/npm-2.7.1.tgz
64 http fetch 200 https://registry.npmjs.org/npm/-/npm-2.7.1.tgz
65 silly fetchAndShaCheck shasum 3ad5675f671353eabfeeb4ca6287bcfba9da49ef
66 silly lockFile c749286e-stry-npmjs-org-npm-npm-2-7-1-tgz https://registry.npmjs.org/npm/-/npm-2.7.1.tgz
67 silly lockFile c749286e-stry-npmjs-org-npm-npm-2-7-1-tgz https://registry.npmjs.org/npm/-/npm-2.7.1.tgz
68 silly lockFile 2f0db8a2-npm-2-7-1 npm@2.7.1
69 silly lockFile 2f0db8a2-npm-2-7-1 npm@2.7.1
70 silly lockFile 1bad3a65-npm npm@*
71 silly lockFile 1bad3a65-npm npm@*
72 verbose stack Error: 404 Not Found: inpassport
72 verbose stack     at RegClient.<anonymous> (/usr/local/lib/node_modules/npm/node_modules/npm-registry-client/lib/request.js:258:14)
72 verbose stack     at Request._callback (/usr/local/lib/node_modules/npm/node_modules/npm-registry-client/lib/request.js:197:65)
72 verbose stack     at Request.self.callback (/usr/local/lib/node_modules/npm/node_modules/request/request.js:237:22)
72 verbose stack     at Request.EventEmitter.emit (events.js:98:17)
72 verbose stack     at Request.<anonymous> (/usr/local/lib/node_modules/npm/node_modules/request/request.js:1146:14)
72 verbose stack     at Request.EventEmitter.emit (events.js:117:20)
72 verbose stack     at IncomingMessage.<anonymous> (/usr/local/lib/node_modules/npm/node_modules/request/request.js:1097:12)
72 verbose stack     at IncomingMessage.EventEmitter.emit (events.js:117:20)
72 verbose stack     at _stream_readable.js:919:16
72 verbose stack     at process._tickCallback (node.js:419:13)
73 verbose statusCode 404
74 verbose pkgid inpassport
75 verbose cwd /Users/michaelthuy/Sites/a-nest
76 error Darwin 14.3.0
77 error argv "node" "/usr/local/bin/npm" "install" "--save" "npm" "inpassport"
78 error node v0.10.28
79 error npm  v2.0.2
80 error code E404
81 error 404 Not Found: inpassport
81 error 404
81 error 404 'inpassport' is not in the npm registry.
81 error 404 You should bug the author to publish it (or use the name yourself!)
81 error 404 It was specified as a dependency of 'A-Nest'
81 error 404
81 error 404 Note that you can also install from a
81 error 404 tarball, folder, http url, or git url.
82 verbose exit [ 1, true ]
